test:1
test:1
test:1
test:1
test:1
test:2
test:1
test:2
1425864761363
1425864761364
test:2
1425864770404
test:1
1425864770407
test:1 ms:1425864878232
test:2 ms:1425864878232
test:2 ms:1425864882824
test:1 ms:1425864882823
test:2 ms:1425864886434
test:1 ms:1425864886434
test:1 ms:1425864889571
test:2 ms:1425864889571
:9 ms:1425865300168
\8:8 ms:1425865317986
:8 ms:1425865345110
test:8 ms:1425866555866
test:8 ms:1425866614730
test:8 ms:1425866617563
test:8 ms:1425866718982
test:8 ms:1425866746773
test:8 ms:1425866767468
test:8 ms:1425866770471
test:8 ms:1425866792233
test:8 ms:1425866807322
test:8 ms:1425866975893
test:8 ms:1425866979097
TEST
test:8 ms:1425866997691
$
test:8 ms:1425867018478

test:7 ms:1425867076753

test:7 ms:1425867095303

test:7 ms:1425867122997
TEST
test:7 ms:1425867171970
:7
:7
TEST!
:7
user_id:7 ms:1425958653529
user_id:7 ms:1425958658352
user_id:7, start_time_ms:1425958684528
user_id:8, start_time_ms:1425958704895
user_id:7, start_time_ms:1425958704910
user_id:7, start_time_ms:1425958708198
user_id:8, start_time_ms:1425958708204
user_id:7, start_time_ms:1425959326880
user_id:7, start_time_ms:1425959680401
user_id:8, start_time_ms:1425959684628
user_id:8, start_time_ms:1425959743737
user_id:8, start_time_ms:1425959841299
user_id:8, start_time_ms:1425959841781
user_id:8, start_time_ms:1425959843852
user_id:8, start_time_ms:1425960028904
user_id:8, start_time_ms:1425960054225
user_id:8, start_time_ms:1425960091091
user_id:8, start_time_ms:1425960095607
user_id:8, start_time_ms:1425960842010
user_id:8, start_time_ms:1425960894775
user_id:8, start_time_ms:1425960925683
user_id:8, start_time_ms:1425960961631
user_id:8, start_time_ms:1425965275489
user_id:8, start_time_ms:1425965280756
user_id:8, start_time_ms:1425966913587
user_id:8, start_time_ms:1425966959967
user_id:8, start_time_ms:1425967669447
user_id:8, start_time_ms:1425967697926
user_id:8, start_time_ms:1425974540521
user_id:14, start_time_ms:1425974855859
user_id:15, start_time_ms:1425974855870
user_id:13, start_time_ms:1425974855877
user_id:18, start_time_ms:1425974855922
user_id:11, start_time_ms:1425974855940
user_id:17, start_time_ms:1425974855927
user_id:12, start_time_ms:1425974855939
user_id:16, start_time_ms:1425974855943
user_id:8, start_time_ms:1425974938632
user_id:8, start_time_ms:1425975021895
user_id:8, start_time_ms:1425975199918
user_id:18, start_time_ms:1425975329373
user_id:17, start_time_ms:1425975329377
user_id:13, start_time_ms:1425975329379
user_id:14, start_time_ms:1425975329385
user_id:11, start_time_ms:1425975329386
user_id:12, start_time_ms:1425975329387
user_id:16, start_time_ms:1425975329389
user_id:15, start_time_ms:1425975329390
user_id:15, start_time_ms:1425982455319
user_id:16, start_time_ms:1425982455320
user_id:12, start_time_ms:1425982455321
user_id:13, start_time_ms:1425982455329
user_id:17, start_time_ms:1425982455339
user_id:11, start_time_ms:1425982455341
user_id:18, start_time_ms:1425982455343
user_id:14, start_time_ms:1425982455342
user_id:16, start_time_ms:1425982577218
user_id:15, start_time_ms:1425982577221
user_id:11, start_time_ms:1425982577219
user_id:18, start_time_ms:1425982577222
user_id:12, start_time_ms:1425982577235
user_id:17, start_time_ms:1425982577238
user_id:14, start_time_ms:1425982577238
user_id:13, start_time_ms:1425982577239
user_id:20, start_time_ms:1425982864537
user_id:20, start_time_ms:1425983496476
user_id:20, start_time_ms:1425983605367
user_id:21, start_time_ms:1425983617356
user_id:22, start_time_ms:1425983649375
user_id:22, start_time_ms:1425984586251
user_id:3, start_time_ms:1425984679471
user_id:6, start_time_ms:1425984679483
user_id:2, start_time_ms:1425984679500
user_id:5, start_time_ms:1425984679502
user_id:4, start_time_ms:1425984679518
user_id:8, start_time_ms:1425984679520
user_id:1, start_time_ms:1425984679522
user_id:7, start_time_ms:1425984679524
user_id:4, start_time_ms:1425984797263
user_id:5, start_time_ms:1425984797286
user_id:8, start_time_ms:1425984797293
user_id:1, start_time_ms:1425984797294
user_id:3, start_time_ms:1425984797297
user_id:6, start_time_ms:1425984797299
user_id:2, start_time_ms:1425984797300
user_id:7, start_time_ms:1425984797301
user_id:22, start_time_ms:1425984861613
user_id:2, start_time_ms:1426321239854
user_id:1, start_time_ms:1426321239854
user_id:3, start_time_ms:1426321239872
user_id:4, start_time_ms:1426321312193
user_id:2, start_time_ms:1426321312192
user_id:5, start_time_ms:1426321312199
user_id:1, start_time_ms:1426321312201
user_id:3, start_time_ms:1426321312203
user_id:2, start_time_ms:1426321385460
user_id:1, start_time_ms:1426321385472
user_id:3, start_time_ms:1426321385487
user_id:4, start_time_ms:1426321385488
user_id:1, start_time_ms:1426321454699
user_id:4, start_time_ms:1426321454712
user_id:2, start_time_ms:1426321454719
user_id:3, start_time_ms:1426321454718
user_id:5, start_time_ms:1426321454719
user_id:7, start_time_ms:1426322783168
user_id:2, start_time_ms:1426322783164
user_id:1, start_time_ms:1426322783172
user_id:4, start_time_ms:1426322783178
user_id:8, start_time_ms:1426322783180
user_id:6, start_time_ms:1426322783180
user_id:5, start_time_ms:1426322783182
user_id:3, start_time_ms:1426322783182
user_id:9, start_time_ms:1426322850088
user_id:1, start_time_ms:1426323149082
user_id:2, start_time_ms:1426323152793
user_id:2, start_time_ms:1426323302837
user_id:3, start_time_ms:1426323302839
user_id:6, start_time_ms:1426323302873
user_id:7, start_time_ms:1426323302875
user_id:1, start_time_ms:1426323302879
user_id:5, start_time_ms:1426323302888
user_id:4, start_time_ms:1426323302894
user_id:8, start_time_ms:1426323302897
test:2 ms:1426554600114
test:1 ms:1426554600115
test:1 ms:1426554623393
test:2 ms:1426554623393
test:2 ms:1426554629795
test:1 ms:1426554629797
test:2 ms:1426554643558
test:1 ms:1426554643558
test:1 ms:1426554650103
test:2 ms:1426554650104
user_id:2, start_time_ms:1426554706714
user_id:5, start_time_ms:1426554706715
user_id:4, start_time_ms:1426554706718
user_id:7, start_time_ms:1426554706719
user_id:1, start_time_ms:1426554706719
user_id:3, start_time_ms:1426554706721
user_id:6, start_time_ms:1426554706722
user_id:8, start_time_ms:1426554706722
user_id:6, start_time_ms:1426554945542
user_id:8, start_time_ms:1426554945544
user_id:1, start_time_ms:1426554945547
user_id:2, start_time_ms:1426554945562
user_id:4, start_time_ms:1426554945564
user_id:5, start_time_ms:1426554945571
user_id:7, start_time_ms:1426554945572
user_id:3, start_time_ms:1426554945574
user_id:9, start_time_ms:1426555106162
user_id:3, start_time_ms:1426555324459
user_id:2, start_time_ms:1426555324464
user_id:1, start_time_ms:1426555324464
user_id:8, start_time_ms:1426555324468
user_id:4, start_time_ms:1426555324470
user_id:6, start_time_ms:1426555324473
user_id:7, start_time_ms:1426555324477
user_id:5, start_time_ms:1426555324488
user_id:7, start_time_ms:1426555428576
user_id:2, start_time_ms:1426555428578
user_id:8, start_time_ms:1426555428580
user_id:1, start_time_ms:1426555428591
user_id:4, start_time_ms:1426555428593
user_id:3, start_time_ms:1426555428596
user_id:6, start_time_ms:1426555428598
user_id:5, start_time_ms:1426555428598
user_id:9, start_time_ms:1426555465298
user_id:1, start_time_ms:1426555651525
user_id:6, start_time_ms:1426555651533
user_id:8, start_time_ms:1426555651535
user_id:7, start_time_ms:1426555651537
user_id:3, start_time_ms:1426555651539
user_id:4, start_time_ms:1426555651541
user_id:5, start_time_ms:1426555651541
user_id:2, start_time_ms:1426555651540
user_id:2, start_time_ms:1426557848640
user_id:3, start_time_ms:1426557848646
user_id:5, start_time_ms:1426557848648
user_id:1, start_time_ms:1426557848649
user_id:8, start_time_ms:1426557848654
user_id:7, start_time_ms:1426557848656
user_id:6, start_time_ms:1426557848656
user_id:4, start_time_ms:1426557848659
user_id:1, start_time_ms:1426558305493
user_id:6, start_time_ms:1426558305500
user_id:7, start_time_ms:1426558305504
user_id:4, start_time_ms:1426558305512
user_id:3, start_time_ms:1426558305521
user_id:2, start_time_ms:1426558305520
user_id:5, start_time_ms:1426558305522
user_id:8, start_time_ms:1426558305529
user_id:9, start_time_ms:1426558339089
user_id:3, start_time_ms:1426558543184
user_id:4, start_time_ms:1426558543186
user_id:1, start_time_ms:1426558543190
user_id:5, start_time_ms:1426558543193
user_id:2, start_time_ms:1426558543197
user_id:7, start_time_ms:1426558543199
user_id:8, start_time_ms:1426558543202
user_id:6, start_time_ms:1426558543203
user_id:3, start_time_ms:1426571852242
user_id:1, start_time_ms:1426571852245
user_id:2, start_time_ms:1426571852256
user_id:6, start_time_ms:1426571852259
user_id:5, start_time_ms:1426571852264
user_id:4, start_time_ms:1426571852267
user_id:7, start_time_ms:1426571852276
user_id:8, start_time_ms:1426571852277
user_id:7, start_time_ms:1426571880881
user_id:4, start_time_ms:1426571880889
user_id:1, start_time_ms:1426571880889
user_id:5, start_time_ms:1426571880891
user_id:8, start_time_ms:1426571880892
user_id:2, start_time_ms:1426571880894
user_id:6, start_time_ms:1426571880894
user_id:3, start_time_ms:1426571880896
user_id:4, start_time_ms:1426571932874
user_id:1, start_time_ms:1426571932875
user_id:5, start_time_ms:1426571932874
user_id:6, start_time_ms:1426571932880
user_id:2, start_time_ms:1426571932881
user_id:3, start_time_ms:1426571932882
user_id:8, start_time_ms:1426571932884
user_id:7, start_time_ms:1426571932886
test:1 ms:1426572647622
test:2 ms:1426572647624
test:2 ms:1426572652053
test:1 ms:1426572652057
test:2 ms:1426573615274
test:1 ms:1426573615275
test:1 ms:1426573627275
test:2 ms:1426573627278
user_id:1, start_time_ms:1426575533021
user_id:2, start_time_ms:1426575533029
user_id:4, start_time_ms:1426575533042
user_id:5, start_time_ms:1426575533046
user_id:8, start_time_ms:1426575533046
user_id:3, start_time_ms:1426575533047
user_id:6, start_time_ms:1426575533046
user_id:7, start_time_ms:1426575533049
